Added Parameter Fitted= to Part C37
Added Parameter Fitted= to Part C38
Added Parameter Fitted= to Part C39
Added Parameter Fitted= to Part C40
Added Parameter Fitted= to Part C41
Added Parameter Fitted= to Part C42
Added Parameter Fitted= to Part C43
Added Parameter Fitted= to Part C44
Added Parameter Fitted= to Part C45
Added Parameter Fitted= to Part C46
Added Parameter Fitted= to Part C47
Added Parameter Fitted= to Part C48
Added Parameter Fitted= to Part C49
Added Parameter Fitted= to Part C50
Added Parameter Fitted= to Part C62
Added Parameter Fitted= to Part J2
Added Parameter Fitted= to Part LED3
Added Parameter Fitted= to Part LED4
Added Parameter Fitted= to Part LED5
Added Parameter Fitted= to Part P19
Added Parameter Fitted= to Part P21
Added Parameter Fitted= to Part R34
Added Parameter Fitted= to Part R35
Added Parameter Fitted= to Part R36
Added Parameter Fitted= to Part R71
Added Parameter Fitted= to Part U9
Added Parameter Fitted= to Part Y1
