Added Parameter Fitted= to Part C51
Added Parameter Fitted= to Part C52
Added Parameter Fitted= to Part C53
Added Parameter Fitted= to Part C54
Added Parameter Fitted= to Part C55
Added Parameter Fitted= to Part C56
Added Parameter Fitted= to Part D1
Added Parameter Fitted= to Part D2
Added Parameter Fitted= to Part D3
Added Parameter Fitted= to Part D4
Added Parameter Fitted= to Part D5
Added Parameter Fitted= to Part F1
Added Parameter Fitted= to Part J3
Added Parameter Fitted= to Part LED6
Added Parameter Fitted= to Part LED7
Added Parameter Fitted= to Part LED8
Added Parameter Fitted= to Part LED9
Added Parameter Fitted= to Part LED10
Added Parameter Fitted= to Part LED11
Added Parameter Fitted= to Part LED12
Added Parameter Fitted= to Part P9
Added Parameter Fitted= to Part P10
Added Parameter Fitted= to Part P11
Added Parameter Fitted= to Part P12
Added Parameter Fitted= to Part P13
Added Parameter Fitted= to Part P14
Added Parameter Fitted= to Part P15
Added Parameter Fitted= to Part P16
Added Parameter Fitted= to Part P17
Added Parameter Fitted= to Part P20
Added Parameter Fitted= to Part Q1
Added Parameter Fitted= to Part R40
Added Parameter Fitted= to Part R41
Added Parameter Fitted= to Part R42
Added Parameter Fitted= to Part R43
Added Parameter Fitted= to Part R44
Added Parameter Fitted= to Part R45
Added Parameter Fitted= to Part R46
Added Parameter Fitted= to Part R47
Added Parameter Fitted= to Part R48
Added Parameter Fitted= to Part R50
Added Parameter Fitted= to Part R51
Added Parameter Fitted= to Part R52
Added Parameter Fitted= to Part R53
Added Parameter Fitted= to Part R54
Added Parameter Fitted= to Part R55
Added Parameter Fitted= to Part R56
Added Parameter Fitted= to Part R57
Added Parameter Fitted= to Part R58
Added Parameter Fitted= to Part R59
Added Parameter Fitted= to Part R60
Added Parameter Fitted= to Part R61
Added Parameter Fitted= to Part R62
Added Parameter Fitted= to Part R70
Added Parameter Fitted= to Part R73
Added Parameter Fitted= to Part U11
Added Parameter Fitted= to Part U12
Added Parameter Fitted= to Part U13
Added Parameter Fitted= to Part U14
Added Parameter Fitted= to Part U15
Added Parameter Fitted= to Part U16
Added Parameter Fitted= to Part U17
Added Parameter Fitted= to Part U18
Added Parameter Fitted= to Part U19
Added Parameter Fitted= to Part U20
