Removed Pin From Net: NetName=-5V Pin=C60-2
Removed Pin From Net: NetName=-5V Pin=C61-2
Removed Pin From Net: NetName=VSS Pin=D5-1
Removed Pin From Net: NetName=VSS Pin=P16-2
Removed Pin From Net: NetName=VSS Pin=P17-2
Removed Pin From Net: NetName=-5V Pin=R12_C-2
Removed Pin From Net: NetName=-5V Pin=R12_X-2
Removed Pin From Net: NetName=OVR Pin=U9-23
Removed Pin From Net: NetName=NetR16_X_2 Pin=U9-60
Removed Pin From Net: NetName=NetR16_C_2 Pin=U9-61
Removed Pin From Net: NetName=IM_MULTI Pin=U15-3
Removed Pin From Net: NetName=-5V Pin=U21-4
Change Component DesignItemId : Designator=L1 Old DesignItemId=LED 1206 New DesignItemId=LED 1206 BLUE
Change Component Comment : Designator=U20 Old Comment=TMH2405D New Comment=TMH2
Change Component Description : Designator=L1 Old Description= New Description=LED, 1206, BLUE, 140MCD, 473NM
Added Component: Designator=Q1(ONSC-SOT-23-3-318-08_M)
Added Component: Designator=R73(RESC0805(2012)_N)
Added Pin To Net: NetName=V_+5VDCA Pin=C19_C-2
Added Pin To Net: NetName=V_+5VDCA Pin=C19_X-2
Added Pin To Net: NetName=V_+5VDCA Pin=C20_C-2
Added Pin To Net: NetName=V_+5VDCA Pin=C20_X-2
Added Pin To Net: NetName=V_+5VDCA Pin=C57-2
Added Pin To Net: NetName=V_+5VDCA Pin=C58-2
Added Pin To Net: NetName=V_-5VDCA Pin=C60-2
Added Pin To Net: NetName=V_-5VDCA Pin=C61-2
Added Pin To Net: NetName=VSS Pin=Q1-2
Added Pin To Net: NetName=V_-5VDCA Pin=R12_C-2
Added Pin To Net: NetName=V_-5VDCA Pin=R12_X-2
Added Pin To Net: NetName=V_+5VDCA Pin=U3_C-8
Added Pin To Net: NetName=V_+5VDCA Pin=U3_X-8
Added Pin To Net: NetName=NetR16_C_2 Pin=U9-22
Added Pin To Net: NetName=NetR16_X_2 Pin=U9-23
Added Pin To Net: NetName=OVR Pin=U9-60
Added Pin To Net: NetName=V_-5VDCA Pin=U21-4
Added Pin To Net: NetName=V_+5VDCA Pin=U21-8
Added Pin To Net: NetName=FAN Pin=R73-1
Added Pin To Net: NetName=FAN Pin=U19-12
Added Net: Name=FAN
Added Pin To Net: NetName=NetD5_1 Pin=D5-1
Added Pin To Net: NetName=NetD5_1 Pin=P16-2
Added Pin To Net: NetName=NetD5_1 Pin=P17-2
Added Pin To Net: NetName=NetD5_1 Pin=Q1-3
Added Net: Name=NetD5_1
Added Pin To Net: NetName=NetQ1_1 Pin=Q1-1
Added Pin To Net: NetName=NetQ1_1 Pin=R73-2
Added Net: Name=NetQ1_1
Added Class: Name=B293B CoX Amp
Added Member To Class: ClassName=U_B293A PSU Member=Component Q1 MMBT2222LT1G
Added Member To Class: ClassName=U_B293A PSU Member=Component R73 270R 5% 0805(2012)
