Added Parameter Fitted= to Part C1
Added Parameter Fitted= to Part C2
Added Parameter Fitted= to Part C3
Added Parameter Fitted= to Part C4
Added Parameter Fitted= to Part C5
Added Parameter Fitted= to Part C6
Added Parameter Fitted= to Part C7
Added Parameter Fitted= to Part C8
Added Parameter Fitted= to Part C9
Added Parameter Fitted= to Part C10
Added Parameter Fitted= to Part C11
Added Parameter Fitted= to Part C12
Added Parameter Fitted= to Part C13
Added Parameter Fitted= to Part C14
Added Parameter Fitted= to Part C15
Added Parameter Fitted= to Part C16
Added Parameter Fitted= to Part C17
Added Parameter Fitted= to Part LED1
Added Parameter Fitted= to Part P1
Added Parameter Fitted= to Part R1
Added Parameter Fitted= to Part R2
Added Parameter Fitted= to Part R3
Added Parameter Fitted= to Part R4
Added Parameter Fitted= to Part R5
Added Parameter Fitted= to Part R6
Added Parameter Fitted= to Part R7
Added Parameter Fitted= to Part R8
Added Parameter Fitted= to Part R9
Added Parameter Fitted= to Part U1
Added Parameter Fitted= to Part U2
